ISim log file
Running: C:\Users\name\Documents\DP2\Connect4Display\MouseDisplay_isim_beh.exe -intstyle ise -gui -tclbatch isim.cmd -wdb C:/Users/name/Documents/DP2/Connect4Display/MouseDisplay_isim_beh.wdb 
INFO: There is another simulation running in the same directory. Using database file name isim1.wdb.
ISim P.20131013 (signature 0x7708f090)
This is a Full version of ISim.
Time resolution is 1 ps
# onerror resume
# wave add /
# run 1000 ns
Simulator is doing circuit initialization process.
at 0 ps, Instance /mousedisplay/ : Warning: There is an 'U'|'X'|'W'|'Z'|'-' in an arithmetic operand, the result will be 'X'(es).
Finished circuit initialization process.
# isim force add /mousedisplay/pixel_clk 1 -radix bin -value 0 -radix bin -time 500 ps -repeat 1 ns
# isim force add /mousedisplay/xpos 625 -radix unsigned
# isim force add /mousedisplay/xpos 645 -radix unsigned
# isim force add /mousedisplay/ypos 515 -radix unsigned
# isim force add /mousedisplay/hcount 645 -radix unsigned
# isim force add /mousedisplay/vcount 515 -radix unsigned
# run 1ns
# isim force add /mousedisplay/mousepixel 01 -radix bin
# run 1ns
# run 1ns
# run 1ns
# run 1ns
# run 1ns
# run 1ns
# isim force add /mousedisplay/xpos 640 -radix unsigned
# isim force add /mousedisplay/ypos 512 -radix unsigned
# run 1ns
# isim force remove /mousedisplay/mousepixel
# run 1ns
# isim force remove /boarddisplay/boardpixel
# run 1ns
The simulator has terminated in an unexpected manner.  Please review the ISim log (isim.log) for details.
The simulator has terminated in an unexpected manner.  Please review the ISim log (isim.log) for details.
